[debug] [2022-04-25T09:28:55.716Z] ----------------------------------------------------------------------
[debug] [2022-04-25T09:28:55.717Z] Command:       C:\Program Files\nodejs\node.exe C:\Users\user\AppData\Roaming\npm\node_modules\firebase-tools\lib\bin\firebase.js init
[debug] [2022-04-25T09:28:55.718Z] CLI Version:   10.7.1
[debug] [2022-04-25T09:28:55.718Z] Platform:      win32
[debug] [2022-04-25T09:28:55.718Z] Node Version:  v16.14.0
[debug] [2022-04-25T09:28:55.718Z] Time:          Mon Apr 25 2022 17:28:55 GMT+0800 (Malaysia Time)
[debug] [2022-04-25T09:28:55.718Z] ----------------------------------------------------------------------
[debug] 
[debug] [2022-04-25T09:28:55.720Z] >>> [apiv2][query] GET https://firebase-public.firebaseio.com/cli.json [none]
[debug] [2022-04-25T09:28:55.770Z] > command requires scopes: ["email","openid","https://www.googleapis.com/auth/cloudplatformprojects.readonly","https://www.googleapis.com/auth/firebase","https://www.googleapis.com/auth/cloud-platform"]
[debug] [2022-04-25T09:28:55.770Z] > authorizing via signed-in user (nuradila1999@gmail.com)
[info] 
     ######## #### ########  ######## ########     ###     ######  ########
     ##        ##  ##     ## ##       ##     ##  ##   ##  ##       ##
     ######    ##  ########  ######   ########  #########  ######  ######
     ##        ##  ##    ##  ##       ##     ## ##     ##       ## ##
     ##       #### ##     ## ######## ########  ##     ##  ######  ########

You're about to initialize a Firebase project in this directory:

  C:\React\psm1\edumy

Before we get started, keep in mind:

  * You are currently outside your home directory
  * You are initializing within an existing Firebase project directory

[debug] [2022-04-25T09:28:56.428Z] <<< [apiv2][status] GET https://firebase-public.firebaseio.com/cli.json 200
[debug] [2022-04-25T09:28:56.429Z] <<< [apiv2][body] GET https://firebase-public.firebaseio.com/cli.json {"cloudBuildErrorAfter":1594252800000,"cloudBuildWarnAfter":1590019200000,"defaultNode10After":1594252800000,"minVersion":"3.0.5","node8DeploysDisabledAfter":1613390400000,"node8RuntimeDisabledAfter":1615809600000,"node8WarnAfter":1600128000000}
[info] 
=== Project Setup
[info] 
[info] First, let's associate this project directory with a Firebase project.
[info] You can create multiple project aliases by running firebase use --add, 
[info] but for now we'll just set up a default project.
[info] 
[debug] [2022-04-25T09:29:57.332Z] Using project from CLI flag: edumy-332115
[debug] [2022-04-25T09:29:57.333Z] > refreshing access token with scopes: []
[debug] [2022-04-25T09:29:57.333Z] >>> HTTP REQUEST POST https://www.googleapis.com/oauth2/v3/token  
 <request body omitted>
[debug] [2022-04-25T09:29:57.417Z] <<< HTTP RESPONSE 200 {"cache-control":"no-cache, no-store, max-age=0, must-revalidate","date":"Mon, 25 Apr 2022 09:29:57 GMT","expires":"Mon, 01 Jan 1990 00:00:00 GMT","pragma":"no-cache","content-type":"application/json; charset=utf-8","vary":"X-Origin, Referer, Origin,Accept-Encoding","server":"scaffolding on HTTPServer2","x-xss-protection":"0","x-frame-options":"SAMEORIGIN","x-content-type-options":"nosniff","alt-svc":"h3=\":443\"; ma=2592000,h3-29=\":443\"; ma=2592000,h3-Q050=\":443\"; ma=2592000,h3-Q046=\":443\"; ma=2592000,h3-Q043=\":443\"; ma=2592000,quic=\":443\"; ma=2592000; v=\"46,43\"","accept-ranges":"none","transfer-encoding":"chunked"}
[debug] [2022-04-25T09:29:57.425Z] >>> [apiv2][query] GET https://firebase.googleapis.com/v1beta1/projects/edumy-332115 [none]
[debug] [2022-04-25T09:29:57.782Z] <<< [apiv2][status] GET https://firebase.googleapis.com/v1beta1/projects/edumy-332115 200
[debug] [2022-04-25T09:29:57.783Z] <<< [apiv2][body] GET https://firebase.googleapis.com/v1beta1/projects/edumy-332115 {"projectId":"edumy-332115","projectNumber":"524897633753","displayName":"EduMy","name":"projects/edumy-332115","resources":{"hostingSite":"edumy-332115","storageBucket":"edumy-332115.appspot.com","locationId":"asia-southeast1"},"state":"ACTIVE"}
[info] i  Using project edumy-332115 (EduMy) 
[info] 
=== Hosting Setup
[info] 
[info] Your public directory is the folder (relative to your project directory) that
[info] will contain Hosting assets to be uploaded with firebase deploy. If you
[info] have a build process for your assets, use your build's output directory.
[info] 
[info] +  Wrote public/404.html 
[debug] [2022-04-25T09:31:40.679Z] >>> [apiv2][query] GET https://www.gstatic.com/firebasejs/releases.json [none]
[debug] [2022-04-25T09:31:40.714Z] <<< [apiv2][status] GET https://www.gstatic.com/firebasejs/releases.json 200
[debug] [2022-04-25T09:31:40.714Z] <<< [apiv2][body] GET https://www.gstatic.com/firebasejs/releases.json {"current":{"version":"9.6.11","browserURL":"https://www.gstatic.com/firebasejs/9.6.11/firebase.js","packageURL":"https://www.gstatic.com/firebasejs/9.6.11/firebase.tgz"},"live":{"version":"9.6","browserURL":"https://www.gstatic.com/firebasejs/live/9.6/firebase.js","packageURL":"https://www.gstatic.com/firebasejs/live/9.6/firebase.tgz"},"components":{"analytics":"https://www.gstatic.com/firebasejs/9.6.11/firebase-analytics.js","app":"https://www.gstatic.com/firebasejs/9.6.11/firebase-app.js","app-check":"https://www.gstatic.com/firebasejs/9.6.11/firebase-app-check.js","auth":"https://www.gstatic.com/firebasejs/9.6.11/firebase-auth.js","auth/cordova":"https://www.gstatic.com/firebasejs/9.6.11/firebase-auth/cordova.js","auth/react-native":"https://www.gstatic.com/firebasejs/9.6.11/firebase-auth/react-native.js","functions":"https://www.gstatic.com/firebasejs/9.6.11/firebase-functions.js","firestore":"https://www.gstatic.com/firebasejs/9.6.11/firebase-firestore.js","firestore/lite":"https://www.gstatic.com/firebasejs/9.6.11/firebase-firestore/lite.js","storage":"https://www.gstatic.com/firebasejs/9.6.11/firebase-storage.js","performance":"https://www.gstatic.com/firebasejs/9.6.11/firebase-performance.js","remote-config":"https://www.gstatic.com/firebasejs/9.6.11/firebase-remote-config.js","messaging":"https://www.gstatic.com/firebasejs/9.6.11/firebase-messaging.js","messaging/sw":"https://www.gstatic.com/firebasejs/9.6.11/firebase-messaging/sw.js","database":"https://www.gstatic.com/firebasejs/9.6.11/firebase-database.js","firestore.memory":"https://www.gstatic.com/firebasejs/9.6.11/firebase-firestore.memory.js"}}
[info] i  Skipping write of public/index.html 
[info] 
[info] i  Detected a .git folder at C:\React\psm1\edumy 
[info] i  Authorizing with GitHub to upload your service account to a GitHub repository's secrets store. 
[info] 
[info] Visit this URL on this device to log in:
[info] https://github.com/login/oauth/authorize?client_id=89cf50f02ac6aaed3484&state=80678157&redirect_uri=http%3A%2F%2Flocalhost%3A9005&scope=read%3Auser%20repo%20public_repo
[info] 
[info] Waiting for authentication...
[debug] [2022-04-25T09:32:00.946Z] >>> HTTP REQUEST POST https://github.com/login/oauth/access_token  
 {"client_id":"89cf50f02ac6aaed3484","client_secret":"3330d14abc895d9a74d5f17cd7a00711fa2c5bf0","code":"5d107ded487b8217973a","redirect_uri":"http://localhost:9005","state":"80678157"}
[debug] [2022-04-25T09:32:01.324Z] <<< HTTP RESPONSE 200 {"server":"GitHub.com","date":"Mon, 25 Apr 2022 09:32:01 GMT","content-type":"application/json; charset=utf-8","transfer-encoding":"chunked","vary":"X-PJAX, X-PJAX-Container, Accept-Encoding, Accept, X-Requested-With","permissions-policy":"interest-cohort=()","etag":"W/\"40d8b0773ada2aeb9b929b438c17e862\"","cache-control":"max-age=0, private, must-revalidate","strict-transport-security":"max-age=31536000; includeSubdomains; preload","x-frame-options":"deny","x-content-type-options":"nosniff","x-xss-protection":"0","referrer-policy":"origin-when-cross-origin, strict-origin-when-cross-origin","expect-ct":"max-age=2592000, report-uri=\"https://api.github.com/_private/browser/errors\"","content-security-policy":"default-src 'none'; base-uri 'self'; block-all-mixed-content; child-src github.com/assets-cdn/worker/ gist.github.com/assets-cdn/worker/; connect-src 'self' uploads.github.com objects-origin.githubusercontent.com www.githubstatus.com collector.github.com raw.githubusercontent.com api.github.com github-cloud.s3.amazonaws.com github-production-repository-file-5c1aeb.s3.amazonaws.com github-production-upload-manifest-file-7fdce7.s3.amazonaws.com github-production-user-asset-6210df.s3.amazonaws.com cdn.optimizely.com logx.optimizely.com/v1/events translator.github.com *.actions.githubusercontent.com wss://*.actions.githubusercontent.com online.visualstudio.com/api/v1/locations github-production-repository-image-32fea6.s3.amazonaws.com github-production-release-asset-2e65be.s3.amazonaws.com insights.github.com wss://alive.github.com; font-src github.githubassets.com; form-action 'self' github.com gist.github.com objects-origin.githubusercontent.com; frame-ancestors 'none'; frame-src render.githubusercontent.com viewscreen.githubusercontent.com notebooks.githubusercontent.com; img-src 'self' data: github.githubassets.com identicons.github.com github-cloud.s3.amazonaws.com secured-user-images.githubusercontent.com/ *.githubusercontent.com; manifest-src 'self'; media-src github.com user-images.githubusercontent.com/; script-src github.githubassets.com; style-src 'unsafe-inline' github.githubassets.com; worker-src github.com/assets-cdn/worker/ gist.github.com/assets-cdn/worker/","x-github-request-id":"DC6C:35FA:9F45ED:C34DF3:62666A90"}
[debug] [2022-04-25T09:32:01.328Z] >>> [apiv2][query] GET https://api.github.com/user [none]
[debug] [2022-04-25T09:32:01.737Z] <<< [apiv2][status] GET https://api.github.com/user 200
[debug] [2022-04-25T09:32:01.737Z] <<< [apiv2][body] GET https://api.github.com/user {"login":"dilaaafar","id":81259782,"node_id":"MDQ6VXNlcjgxMjU5Nzgy","avatar_url":"https://avatars.githubusercontent.com/u/81259782?v=4","gravatar_id":"","url":"https://api.github.com/users/dilaaafar","html_url":"https://github.com/dilaaafar","followers_url":"https://api.github.com/users/dilaaafar/followers","following_url":"https://api.github.com/users/dilaaafar/following{/other_user}","gists_url":"https://api.github.com/users/dilaaafar/gists{/gist_id}","starred_url":"https://api.github.com/users/dilaaafar/starred{/owner}{/repo}","subscriptions_url":"https://api.github.com/users/dilaaafar/subscriptions","organizations_url":"https://api.github.com/users/dilaaafar/orgs","repos_url":"https://api.github.com/users/dilaaafar/repos","events_url":"https://api.github.com/users/dilaaafar/events{/privacy}","received_events_url":"https://api.github.com/users/dilaaafar/received_events","type":"User","site_admin":false,"name":"dilafarahiyah","company":null,"blog":"","location":null,"email":null,"hireable":null,"bio":null,"twitter_username":null,"public_repos":3,"public_gists":0,"followers":0,"following":0,"created_at":"2021-03-23T18:45:15Z","updated_at":"2022-04-10T05:23:33Z","private_gists":0,"total_private_repos":1,"owned_private_repos":1,"disk_usage":902,"collaborators":0,"two_factor_authentication":false,"plan":{"name":"pro","space":976562499,"collaborators":0,"private_repos":9999}}
[info] 
[info] +  Success! Logged into GitHub as dilaaafar 
[info] 
